<?xml version="1.0" encoding="UTF-8"?>
<!-- Generated by org.testng.reporters.JUnitXMLReporter -->
<testsuite hostname="ITCTOR-195" name="Test" tests="2" failures="1" timestamp="27 May 2019 13:52:15 GMT" time="6.664" errors="0">
  <testcase name="validateLoginPage" time="0.896" classname="com.itcsystems.www.TestApplication"/>
  <testcase name="validateBalanceRefund" time="0.178" classname="com.itcsystems.www.TestApplication">
    <failure type="org.openqa.selenium.NoSuchElementException" message="Cannot locate option with value: 1
For documentation on this error, please visit: http://seleniumhq.org/exceptions/no_such_element.html
Build info: version: &amp;apos;2.53.1&amp;apos;, revision: &amp;apos;a36b8b1&amp;apos;, time: &amp;apos;2016-06-30 17:37:03&amp;apos;
System info: host: &amp;apos;ITCTOR-195&amp;apos;, ip: &amp;apos;192.168.31.73&amp;apos;, os.name: &amp;apos;Windows 7&amp;apos;, os.arch: &amp;apos;amd64&amp;apos;, os.version: &amp;apos;6.1&amp;apos;, java.version: &amp;apos;1.8.0_181&amp;apos;
Driver info: driver.version: unknown">
      <![CDATA[org.openqa.selenium.NoSuchElementException: Cannot locate option with value: 1
For documentation on this error, please visit: http://seleniumhq.org/exceptions/no_such_element.html
Build info: version: '2.53.1', revision: 'a36b8b1', time: '2016-06-30 17:37:03'
System info: host: 'ITCTOR-195', ip: '192.168.31.73', os.name: 'Windows 7', os.arch: 'amd64', os.version: '6.1', java.version: '1.8.0_181'
Driver info: driver.version: unknown
	at org.openqa.selenium.support.ui.Select.selectByValue(Select.java:208)
	at com.itcsystems.www.TestApplication.validateBalanceRefund(TestApplication.java:243)
... Removed 24 stack frames]]>
    </failure>
  </testcase> <!-- validateBalanceRefund -->
</testsuite> <!-- Test -->
