<?xml version="1.0" encoding="UTF-8"?>
<testng-results skipped="0" failed="5" total="11" passed="6">
  <reporter-output>
  </reporter-output>
  <suite name="Suite" duration-ms="31654" started-at="2019-06-21T18:52:16Z" finished-at="2019-06-21T18:52:47Z">
    <groups>
      <group name="TestAll">
        <method signature="TestApplication.addMoney(java.lang.String)[pri:8, instance:com.itcsystems.www.TestApplication@1b604f19]" name="addMoney" class="com.itcsystems.www.TestApplication"/>
        <method signature="TestApplication.checkAccountSummary()[pri:3, instance:com.itcsystems.www.TestApplication@1b604f19]" name="checkAccountSummary" class="com.itcsystems.www.TestApplication"/>
        <method signature="TestApplication.checkPageTitle()[pri:2, instance:com.itcsystems.www.TestApplication@1b604f19]" name="checkPageTitle" class="com.itcsystems.www.TestApplication"/>
        <method signature="TestApplication.checkTermsAndConditions()[pri:5, instance:com.itcsystems.www.TestApplication@1b604f19]" name="checkTermsAndConditions" class="com.itcsystems.www.TestApplication"/>
        <method signature="TestApplication.checkTransactionHistory()[pri:4, instance:com.itcsystems.www.TestApplication@1b604f19]" name="checkTransactionHistory" class="com.itcsystems.www.TestApplication"/>
        <method signature="TestApplication.payFines()[pri:9, instance:com.itcsystems.www.TestApplication@1b604f19]" name="payFines" class="com.itcsystems.www.TestApplication"/>
        <method signature="TestApplication.purchaseMealplan(java.lang.String)[pri:10, instance:com.itcsystems.www.TestApplication@1b604f19]" name="purchaseMealplan" class="com.itcsystems.www.TestApplication"/>
        <method signature="TestApplication.purchaseParkingPlan()[pri:11, instance:com.itcsystems.www.TestApplication@1b604f19]" name="purchaseParkingPlan" class="com.itcsystems.www.TestApplication"/>
        <method signature="TestApplication.validateBalanceRefund()[pri:6, instance:com.itcsystems.www.TestApplication@1b604f19]" name="validateBalanceRefund" class="com.itcsystems.www.TestApplication"/>
        <method signature="TestApplication.validateBalanceTransfer()[pri:7, instance:com.itcsystems.www.TestApplication@1b604f19]" name="validateBalanceTransfer" class="com.itcsystems.www.TestApplication"/>
        <method signature="TestApplication.validateLoginPage(java.lang.String, java.lang.String)[pri:1, instance:com.itcsystems.www.TestApplication@1b604f19]" name="validateLoginPage" class="com.itcsystems.www.TestApplication"/>
      </group> <!-- TestAll -->
      <group name="Initialization">
        <method signature="TestApplication.validateLoginPage(java.lang.String, java.lang.String)[pri:1, instance:com.itcsystems.www.TestApplication@1b604f19]" name="validateLoginPage" class="com.itcsystems.www.TestApplication"/>
      </group> <!-- Initialization -->
      <group name="AccountSummary">
        <method signature="TestApplication.checkAccountSummary()[pri:3, instance:com.itcsystems.www.TestApplication@1b604f19]" name="checkAccountSummary" class="com.itcsystems.www.TestApplication"/>
      </group> <!-- AccountSummary -->
      <group name="checkTermsAndConditions">
        <method signature="TestApplication.checkTermsAndConditions()[pri:5, instance:com.itcsystems.www.TestApplication@1b604f19]" name="checkTermsAndConditions" class="com.itcsystems.www.TestApplication"/>
      </group> <!-- checkTermsAndConditions -->
      <group name="UX">
        <method signature="TestApplication.checkPageTitle()[pri:2, instance:com.itcsystems.www.TestApplication@1b604f19]" name="checkPageTitle" class="com.itcsystems.www.TestApplication"/>
      </group> <!-- UX -->
      <group name="validateBalanceRefund">
        <method signature="TestApplication.validateBalanceRefund()[pri:6, instance:com.itcsystems.www.TestApplication@1b604f19]" name="validateBalanceRefund" class="com.itcsystems.www.TestApplication"/>
      </group> <!-- validateBalanceRefund -->
      <group name="addMoney">
        <method signature="TestApplication.addMoney(java.lang.String)[pri:8, instance:com.itcsystems.www.TestApplication@1b604f19]" name="addMoney" class="com.itcsystems.www.TestApplication"/>
      </group> <!-- addMoney -->
      <group name="checkTransactionHistory">
        <method signature="TestApplication.checkTransactionHistory()[pri:4, instance:com.itcsystems.www.TestApplication@1b604f19]" name="checkTransactionHistory" class="com.itcsystems.www.TestApplication"/>
      </group> <!-- checkTransactionHistory -->
      <group name="ValidatePaymentProcessor">
        <method signature="TestApplication.addMoney(java.lang.String)[pri:8, instance:com.itcsystems.www.TestApplication@1b604f19]" name="addMoney" class="com.itcsystems.www.TestApplication"/>
        <method signature="TestApplication.payFines()[pri:9, instance:com.itcsystems.www.TestApplication@1b604f19]" name="payFines" class="com.itcsystems.www.TestApplication"/>
        <method signature="TestApplication.purchaseMealplan(java.lang.String)[pri:10, instance:com.itcsystems.www.TestApplication@1b604f19]" name="purchaseMealplan" class="com.itcsystems.www.TestApplication"/>
        <method signature="TestApplication.purchaseParkingPlan()[pri:11, instance:com.itcsystems.www.TestApplication@1b604f19]" name="purchaseParkingPlan" class="com.itcsystems.www.TestApplication"/>
      </group> <!-- ValidatePaymentProcessor -->
      <group name="validateBalanceTransfer">
        <method signature="TestApplication.validateBalanceTransfer()[pri:7, instance:com.itcsystems.www.TestApplication@1b604f19]" name="validateBalanceTransfer" class="com.itcsystems.www.TestApplication"/>
      </group> <!-- validateBalanceTransfer -->
      <group name="Transaction">
        <method signature="TestApplication.addMoney(java.lang.String)[pri:8, instance:com.itcsystems.www.TestApplication@1b604f19]" name="addMoney" class="com.itcsystems.www.TestApplication"/>
        <method signature="TestApplication.checkTransactionHistory()[pri:4, instance:com.itcsystems.www.TestApplication@1b604f19]" name="checkTransactionHistory" class="com.itcsystems.www.TestApplication"/>
        <method signature="TestApplication.payFines()[pri:9, instance:com.itcsystems.www.TestApplication@1b604f19]" name="payFines" class="com.itcsystems.www.TestApplication"/>
        <method signature="TestApplication.purchaseMealplan(java.lang.String)[pri:10, instance:com.itcsystems.www.TestApplication@1b604f19]" name="purchaseMealplan" class="com.itcsystems.www.TestApplication"/>
        <method signature="TestApplication.purchaseParkingPlan()[pri:11, instance:com.itcsystems.www.TestApplication@1b604f19]" name="purchaseParkingPlan" class="com.itcsystems.www.TestApplication"/>
        <method signature="TestApplication.validateBalanceRefund()[pri:6, instance:com.itcsystems.www.TestApplication@1b604f19]" name="validateBalanceRefund" class="com.itcsystems.www.TestApplication"/>
        <method signature="TestApplication.validateBalanceTransfer()[pri:7, instance:com.itcsystems.www.TestApplication@1b604f19]" name="validateBalanceTransfer" class="com.itcsystems.www.TestApplication"/>
      </group> <!-- Transaction -->
      <group name="payFines">
        <method signature="TestApplication.payFines()[pri:9, instance:com.itcsystems.www.TestApplication@1b604f19]" name="payFines" class="com.itcsystems.www.TestApplication"/>
      </group> <!-- payFines -->
      <group name="purchaseMealplan">
        <method signature="TestApplication.purchaseMealplan(java.lang.String)[pri:10, instance:com.itcsystems.www.TestApplication@1b604f19]" name="purchaseMealplan" class="com.itcsystems.www.TestApplication"/>
      </group> <!-- purchaseMealplan -->
      <group name="checkPageTitle">
        <method signature="TestApplication.checkPageTitle()[pri:2, instance:com.itcsystems.www.TestApplication@1b604f19]" name="checkPageTitle" class="com.itcsystems.www.TestApplication"/>
      </group> <!-- checkPageTitle -->
      <group name="purchaseParkingPlan">
        <method signature="TestApplication.purchaseParkingPlan()[pri:11, instance:com.itcsystems.www.TestApplication@1b604f19]" name="purchaseParkingPlan" class="com.itcsystems.www.TestApplication"/>
      </group> <!-- purchaseParkingPlan -->
    </groups>
    <test name="Test" duration-ms="31654" started-at="2019-06-21T18:52:16Z" finished-at="2019-06-21T18:52:47Z">
      <class name="com.itcsystems.www.TestApplication">
        <test-method status="PASS" signature="initializeChrome(java.lang.String, java.lang.String, java.lang.String)[pri:0, instance:com.itcsystems.www.TestApplication@1b604f19]" name="initializeChrome" is-config="true" duration-ms="4431" started-at="2019-06-21T14:52:16Z" finished-at="2019-06-21T14:52:20Z">
          <params>
            <param index="0">
              <value>
                <![CDATA[.\\Report\\Report.html]]>
              </value>
            </param>
            <param index="1">
              <value>
                <![CDATA[.\\lib\\chromedriver.exe]]>
              </value>
            </param>
            <param index="2">
              <value>
                <![CDATA[https://validation.itcsystems.com:443]]>
              </value>
            </param>
          </params>
          <reporter-output>
          </reporter-output>
        </test-method> <!-- initializeChrome -->
        <test-method status="PASS" signature="validateLoginPage(java.lang.String, java.lang.String)[pri:1, instance:com.itcsystems.www.TestApplication@1b604f19]" name="validateLoginPage" duration-ms="4941" started-at="2019-06-21T14:52:20Z" finished-at="2019-06-21T14:52:25Z">
          <params>
            <param index="0">
              <value>
                <![CDATA[1004300118073]]>
              </value>
            </param>
            <param index="1">
              <value>
                <![CDATA[1234]]>
              </value>
            </param>
          </params>
          <reporter-output>
          </reporter-output>
        </test-method> <!-- validateLoginPage -->
        <test-method status="PASS" signature="getScreenshots(org.testng.ITestResult)[pri:0, instance:com.itcsystems.www.TestApplication@1b604f19]" name="getScreenshots" is-config="true" duration-ms="194" started-at="2019-06-21T14:52:25Z" finished-at="2019-06-21T14:52:25Z">
          <params>
            <param index="0">
              <value>
                <![CDATA[[TestResult name=validateLoginPage status=SUCCESS method=TestApplication.validateLoginPage(java.lang.String, java.lang.String)[pri:1, instance:com.itcsystems.www.TestApplication@1b604f19] output={null}]]]>
              </value>
            </param>
          </params>
          <reporter-output>
          </reporter-output>
        </test-method> <!-- getScreenshots -->
        <test-method status="PASS" signature="checkPageTitle()[pri:2, instance:com.itcsystems.www.TestApplication@1b604f19]" name="checkPageTitle" duration-ms="10" started-at="2019-06-21T14:52:25Z" finished-at="2019-06-21T14:52:25Z">
          <reporter-output>
          </reporter-output>
        </test-method> <!-- checkPageTitle -->
        <test-method status="PASS" signature="getScreenshots(org.testng.ITestResult)[pri:0, instance:com.itcsystems.www.TestApplication@1b604f19]" name="getScreenshots" is-config="true" duration-ms="31" started-at="2019-06-21T14:52:25Z" finished-at="2019-06-21T14:52:25Z">
          <params>
            <param index="0">
              <value>
                <![CDATA[[TestResult name=checkPageTitle status=SUCCESS method=TestApplication.checkPageTitle()[pri:2, instance:com.itcsystems.www.TestApplication@1b604f19] output={null}]]]>
              </value>
            </param>
          </params>
          <reporter-output>
          </reporter-output>
        </test-method> <!-- getScreenshots -->
        <test-method status="PASS" signature="checkAccountSummary()[pri:3, instance:com.itcsystems.www.TestApplication@1b604f19]" name="checkAccountSummary" duration-ms="3129" started-at="2019-06-21T14:52:25Z" finished-at="2019-06-21T14:52:28Z">
          <reporter-output>
          </reporter-output>
        </test-method> <!-- checkAccountSummary -->
        <test-method status="PASS" signature="getScreenshots(org.testng.ITestResult)[pri:0, instance:com.itcsystems.www.TestApplication@1b604f19]" name="getScreenshots" is-config="true" duration-ms="36" started-at="2019-06-21T14:52:28Z" finished-at="2019-06-21T14:52:28Z">
          <params>
            <param index="0">
              <value>
                <![CDATA[[TestResult name=checkAccountSummary status=SUCCESS method=TestApplication.checkAccountSummary()[pri:3, instance:com.itcsystems.www.TestApplication@1b604f19] output={null}]]]>
              </value>
            </param>
          </params>
          <reporter-output>
          </reporter-output>
        </test-method> <!-- getScreenshots -->
        <test-method status="PASS" signature="checkTransactionHistory()[pri:4, instance:com.itcsystems.www.TestApplication@1b604f19]" name="checkTransactionHistory" duration-ms="3364" started-at="2019-06-21T14:52:28Z" finished-at="2019-06-21T14:52:32Z">
          <reporter-output>
          </reporter-output>
        </test-method> <!-- checkTransactionHistory -->
        <test-method status="PASS" signature="getScreenshots(org.testng.ITestResult)[pri:0, instance:com.itcsystems.www.TestApplication@1b604f19]" name="getScreenshots" is-config="true" duration-ms="36" started-at="2019-06-21T14:52:32Z" finished-at="2019-06-21T14:52:32Z">
          <params>
            <param index="0">
              <value>
                <![CDATA[[TestResult name=checkTransactionHistory status=SUCCESS method=TestApplication.checkTransactionHistory()[pri:4, instance:com.itcsystems.www.TestApplication@1b604f19] output={null}]]]>
              </value>
            </param>
          </params>
          <reporter-output>
          </reporter-output>
        </test-method> <!-- getScreenshots -->
        <test-method status="PASS" signature="checkTermsAndConditions()[pri:5, instance:com.itcsystems.www.TestApplication@1b604f19]" name="checkTermsAndConditions" duration-ms="120" started-at="2019-06-21T14:52:32Z" finished-at="2019-06-21T14:52:32Z">
          <reporter-output>
          </reporter-output>
        </test-method> <!-- checkTermsAndConditions -->
        <test-method status="PASS" signature="getScreenshots(org.testng.ITestResult)[pri:0, instance:com.itcsystems.www.TestApplication@1b604f19]" name="getScreenshots" is-config="true" duration-ms="48" started-at="2019-06-21T14:52:32Z" finished-at="2019-06-21T14:52:32Z">
          <params>
            <param index="0">
              <value>
                <![CDATA[[TestResult name=checkTermsAndConditions status=SUCCESS method=TestApplication.checkTermsAndConditions()[pri:5, instance:com.itcsystems.www.TestApplication@1b604f19] output={null}]]]>
              </value>
            </param>
          </params>
          <reporter-output>
          </reporter-output>
        </test-method> <!-- getScreenshots -->
        <test-method status="FAIL" signature="validateBalanceRefund()[pri:6, instance:com.itcsystems.www.TestApplication@1b604f19]" name="validateBalanceRefund" duration-ms="217" started-at="2019-06-21T14:52:32Z" finished-at="2019-06-21T14:52:32Z">
          <exception class="org.openqa.selenium.NoSuchElementException">
            <message>
              <![CDATA[Cannot locate option with value: 1
For documentation on this error, please visit: http://seleniumhq.org/exceptions/no_such_element.html
Build info: version: '2.53.1', revision: 'a36b8b1', time: '2016-06-30 17:37:03'
System info: host: 'ITCTOR-195', ip: '192.168.31.73', os.name: 'Windows 7', os.arch: 'amd64', os.version: '6.1', java.version: '1.8.0_181'
Driver info: driver.version: unknown]]>
            </message>
            <full-stacktrace>
              <![CDATA[org.openqa.selenium.NoSuchElementException: Cannot locate option with value: 1
For documentation on this error, please visit: http://seleniumhq.org/exceptions/no_such_element.html
Build info: version: '2.53.1', revision: 'a36b8b1', time: '2016-06-30 17:37:03'
System info: host: 'ITCTOR-195', ip: '192.168.31.73', os.name: 'Windows 7', os.arch: 'amd64', os.version: '6.1', java.version: '1.8.0_181'
Driver info: driver.version: unknown
	at org.openqa.selenium.support.ui.Select.selectByValue(Select.java:208)
	at com.itcsystems.www.TestApplication.validateBalanceRefund(TestApplication.java:553)
	at sun.reflect.NativeMethodAccessorImpl.invoke0(Native Method)
	at sun.reflect.NativeMethodAccessorImpl.invoke(Unknown Source)
	at sun.reflect.DelegatingMethodAccessorImpl.invoke(Unknown Source)
	at java.lang.reflect.Method.invoke(Unknown Source)
	at org.testng.internal.MethodInvocationHelper.invokeMethod(MethodInvocationHelper.java:85)
	at org.testng.internal.Invoker.invokeMethod(Invoker.java:639)
	at org.testng.internal.Invoker.invokeTestMethod(Invoker.java:816)
	at org.testng.internal.Invoker.invokeTestMethods(Invoker.java:1124)
	at org.testng.internal.TestMethodWorker.invokeTestMethods(TestMethodWorker.java:125)
	at org.testng.internal.TestMethodWorker.run(TestMethodWorker.java:108)
	at org.testng.TestRunner.privateRun(TestRunner.java:774)
	at org.testng.TestRunner.run(TestRunner.java:624)
	at org.testng.SuiteRunner.runTest(SuiteRunner.java:359)
	at org.testng.SuiteRunner.runSequentially(SuiteRunner.java:354)
	at org.testng.SuiteRunner.privateRun(SuiteRunner.java:312)
	at org.testng.SuiteRunner.run(SuiteRunner.java:261)
	at org.testng.SuiteRunnerWorker.runSuite(SuiteRunnerWorker.java:52)
	at org.testng.SuiteRunnerWorker.run(SuiteRunnerWorker.java:86)
	at org.testng.TestNG.runSuitesSequentially(TestNG.java:1215)
	at org.testng.TestNG.runSuitesLocally(TestNG.java:1140)
	at org.testng.TestNG.run(TestNG.java:1048)
	at org.testng.remote.AbstractRemoteTestNG.run(AbstractRemoteTestNG.java:115)
	at org.testng.remote.RemoteTestNG.initAndRun(RemoteTestNG.java:251)
	at org.testng.remote.RemoteTestNG.main(RemoteTestNG.java:77)
]]>
            </full-stacktrace>
          </exception> <!-- org.openqa.selenium.NoSuchElementException -->
          <reporter-output>
          </reporter-output>
        </test-method> <!-- validateBalanceRefund -->
        <test-method status="PASS" signature="getScreenshots(org.testng.ITestResult)[pri:0, instance:com.itcsystems.www.TestApplication@1b604f19]" name="getScreenshots" is-config="true" duration-ms="470" started-at="2019-06-21T14:52:32Z" finished-at="2019-06-21T14:52:33Z">
          <params>
            <param index="0">
              <value>
                <![CDATA[[TestResult name=validateBalanceRefund status=FAILURE method=TestApplication.validateBalanceRefund()[pri:6, instance:com.itcsystems.www.TestApplication@1b604f19] output={null}]]]>
              </value>
            </param>
          </params>
          <reporter-output>
          </reporter-output>
        </test-method> <!-- getScreenshots -->
        <test-method status="PASS" signature="validateBalanceTransfer()[pri:7, instance:com.itcsystems.www.TestApplication@1b604f19]" name="validateBalanceTransfer" duration-ms="145" started-at="2019-06-21T14:52:33Z" finished-at="2019-06-21T14:52:33Z">
          <reporter-output>
          </reporter-output>
        </test-method> <!-- validateBalanceTransfer -->
        <test-method status="PASS" signature="getScreenshots(org.testng.ITestResult)[pri:0, instance:com.itcsystems.www.TestApplication@1b604f19]" name="getScreenshots" is-config="true" duration-ms="23" started-at="2019-06-21T14:52:33Z" finished-at="2019-06-21T14:52:33Z">
          <params>
            <param index="0">
              <value>
                <![CDATA[[TestResult name=validateBalanceTransfer status=SUCCESS method=TestApplication.validateBalanceTransfer()[pri:7, instance:com.itcsystems.www.TestApplication@1b604f19] output={null}]]]>
              </value>
            </param>
          </params>
          <reporter-output>
          </reporter-output>
        </test-method> <!-- getScreenshots -->
        <test-method status="FAIL" signature="addMoney(java.lang.String)[pri:8, instance:com.itcsystems.www.TestApplication@1b604f19]" name="addMoney" duration-ms="7779" started-at="2019-06-21T14:52:33Z" finished-at="2019-06-21T14:52:41Z">
          <params>
            <param index="0">
              <value>
                <![CDATA[C:\\Users\\chandra.rai\\Desktop\\web.config]]>
              </value>
            </param>
          </params>
          <exception class="org.openqa.selenium.NoSuchElementException">
            <message>
              <![CDATA[no such element: Unable to locate element: {"method":"xpath","selector":"//input[@name='trnCardOwner']"}
  (Session info: chrome=74.0.3729.169)
  (Driver info: chromedriver=2.41.578737 (49da6702b16031c40d63e5618de03a32ff6c197e),platform=Windows NT 6.1.7601 SP1 x86_64) (WARNING: The server did not provide any stacktrace information)
Command duration or timeout: 31 milliseconds
For documentation on this error, please visit: http://seleniumhq.org/exceptions/no_such_element.html
Build info: version: '2.53.1', revision: 'a36b8b1', time: '2016-06-30 17:37:03'
System info: host: 'ITCTOR-195', ip: '192.168.31.73', os.name: 'Windows 7', os.arch: 'amd64', os.version: '6.1', java.version: '1.8.0_181'
Driver info: org.openqa.selenium.chrome.ChromeDriver
Capabilities [{mobileEmulationEnabled=false, hasTouchScreen=false, platform=XP, acceptSslCerts=false, goog:chromeOptions={debuggerAddress=localhost:3788}, acceptInsecureCerts=false, webStorageEnabled=true, browserName=chrome, takesScreenshot=true, javascriptEnabled=true, setWindowRect=true, unexpectedAlertBehaviour=, applicationCacheEnabled=false, rotatable=false, networkConnectionEnabled=false, chrome={chromedriverVersion=2.41.578737 (49da6702b16031c40d63e5618de03a32ff6c197e), userDataDir=C:\Users\chandra.rai\AppData\Local\Temp\scoped_dir8140_26934}, takesHeapSnapshot=true, pageLoadStrategy=normal, databaseEnabled=false, handlesAlerts=true, version=74.0.3729.169, browserConnectionEnabled=false, nativeEvents=true, locationContextEnabled=true, cssSelectorsEnabled=true}]
Session ID: 00be942c336b89ab11a0014a213546c6
*** Element info: {Using=xpath, value=//input[@name='trnCardOwner']}]]>
            </message>
            <full-stacktrace>
              <![CDATA[org.openqa.selenium.NoSuchElementException: no such element: Unable to locate element: {"method":"xpath","selector":"//input[@name='trnCardOwner']"}
  (Session info: chrome=74.0.3729.169)
  (Driver info: chromedriver=2.41.578737 (49da6702b16031c40d63e5618de03a32ff6c197e),platform=Windows NT 6.1.7601 SP1 x86_64) (WARNING: The server did not provide any stacktrace information)
Command duration or timeout: 31 milliseconds
For documentation on this error, please visit: http://seleniumhq.org/exceptions/no_such_element.html
Build info: version: '2.53.1', revision: 'a36b8b1', time: '2016-06-30 17:37:03'
System info: host: 'ITCTOR-195', ip: '192.168.31.73', os.name: 'Windows 7', os.arch: 'amd64', os.version: '6.1', java.version: '1.8.0_181'
Driver info: org.openqa.selenium.chrome.ChromeDriver
Capabilities [{mobileEmulationEnabled=false, hasTouchScreen=false, platform=XP, acceptSslCerts=false, goog:chromeOptions={debuggerAddress=localhost:3788}, acceptInsecureCerts=false, webStorageEnabled=true, browserName=chrome, takesScreenshot=true, javascriptEnabled=true, setWindowRect=true, unexpectedAlertBehaviour=, applicationCacheEnabled=false, rotatable=false, networkConnectionEnabled=false, chrome={chromedriverVersion=2.41.578737 (49da6702b16031c40d63e5618de03a32ff6c197e), userDataDir=C:\Users\chandra.rai\AppData\Local\Temp\scoped_dir8140_26934}, takesHeapSnapshot=true, pageLoadStrategy=normal, databaseEnabled=false, handlesAlerts=true, version=74.0.3729.169, browserConnectionEnabled=false, nativeEvents=true, locationContextEnabled=true, cssSelectorsEnabled=true}]
Session ID: 00be942c336b89ab11a0014a213546c6
*** Element info: {Using=xpath, value=//input[@name='trnCardOwner']}
	at sun.reflect.NativeConstructorAccessorImpl.newInstance0(Native Method)
	at sun.reflect.NativeConstructorAccessorImpl.newInstance(Unknown Source)
	at sun.reflect.DelegatingConstructorAccessorImpl.newInstance(Unknown Source)
	at java.lang.reflect.Constructor.newInstance(Unknown Source)
	at org.openqa.selenium.remote.ErrorHandler.createThrowable(ErrorHandler.java:206)
	at org.openqa.selenium.remote.ErrorHandler.throwIfResponseFailed(ErrorHandler.java:158)
	at org.openqa.selenium.remote.RemoteWebDriver.execute(RemoteWebDriver.java:678)
	at org.openqa.selenium.remote.RemoteWebDriver.findElement(RemoteWebDriver.java:363)
	at org.openqa.selenium.remote.RemoteWebDriver.findElementByXPath(RemoteWebDriver.java:500)
	at org.openqa.selenium.By$ByXPath.findElement(By.java:361)
	at org.openqa.selenium.remote.RemoteWebDriver.findElement(RemoteWebDriver.java:355)
	at com.itcsystems.www.TestApplication.addMoney(TestApplication.java:237)
	at sun.reflect.NativeMethodAccessorImpl.invoke0(Native Method)
	at sun.reflect.NativeMethodAccessorImpl.invoke(Unknown Source)
	at sun.reflect.DelegatingMethodAccessorImpl.invoke(Unknown Source)
	at java.lang.reflect.Method.invoke(Unknown Source)
	at org.testng.internal.MethodInvocationHelper.invokeMethod(MethodInvocationHelper.java:85)
	at org.testng.internal.Invoker.invokeMethod(Invoker.java:639)
	at org.testng.internal.Invoker.invokeTestMethod(Invoker.java:816)
	at org.testng.internal.Invoker.invokeTestMethods(Invoker.java:1124)
	at org.testng.internal.TestMethodWorker.invokeTestMethods(TestMethodWorker.java:125)
	at org.testng.internal.TestMethodWorker.run(TestMethodWorker.java:108)
	at org.testng.TestRunner.privateRun(TestRunner.java:774)
	at org.testng.TestRunner.run(TestRunner.java:624)
	at org.testng.SuiteRunner.runTest(SuiteRunner.java:359)
	at org.testng.SuiteRunner.runSequentially(SuiteRunner.java:354)
	at org.testng.SuiteRunner.privateRun(SuiteRunner.java:312)
	at org.testng.SuiteRunner.run(SuiteRunner.java:261)
	at org.testng.SuiteRunnerWorker.runSuite(SuiteRunnerWorker.java:52)
	at org.testng.SuiteRunnerWorker.run(SuiteRunnerWorker.java:86)
	at org.testng.TestNG.runSuitesSequentially(TestNG.java:1215)
	at org.testng.TestNG.runSuitesLocally(TestNG.java:1140)
	at org.testng.TestNG.run(TestNG.java:1048)
	at org.testng.remote.AbstractRemoteTestNG.run(AbstractRemoteTestNG.java:115)
	at org.testng.remote.RemoteTestNG.initAndRun(RemoteTestNG.java:251)
	at org.testng.remote.RemoteTestNG.main(RemoteTestNG.java:77)
]]>
            </full-stacktrace>
          </exception> <!-- org.openqa.selenium.NoSuchElementException -->
          <reporter-output>
          </reporter-output>
        </test-method> <!-- addMoney -->
        <test-method status="PASS" signature="getScreenshots(org.testng.ITestResult)[pri:0, instance:com.itcsystems.www.TestApplication@1b604f19]" name="getScreenshots" is-config="true" duration-ms="396" started-at="2019-06-21T14:52:41Z" finished-at="2019-06-21T14:52:41Z">
          <params>
            <param index="0">
              <value>
                <![CDATA[[TestResult name=addMoney status=FAILURE method=TestApplication.addMoney(java.lang.String)[pri:8, instance:com.itcsystems.www.TestApplication@1b604f19] output={null}]]]>
              </value>
            </param>
          </params>
          <reporter-output>
          </reporter-output>
        </test-method> <!-- getScreenshots -->
        <test-method status="FAIL" signature="payFines()[pri:9, instance:com.itcsystems.www.TestApplication@1b604f19]" name="payFines" duration-ms="18" started-at="2019-06-21T14:52:41Z" finished-at="2019-06-21T14:52:41Z">
          <exception class="org.openqa.selenium.NoSuchElementException">
            <message>
              <![CDATA[no such element: Unable to locate element: {"method":"xpath","selector":"//a[@title='Pay Fines']"}
  (Session info: chrome=74.0.3729.169)
  (Driver info: chromedriver=2.41.578737 (49da6702b16031c40d63e5618de03a32ff6c197e),platform=Windows NT 6.1.7601 SP1 x86_64) (WARNING: The server did not provide any stacktrace information)
Command duration or timeout: 16 milliseconds
For documentation on this error, please visit: http://seleniumhq.org/exceptions/no_such_element.html
Build info: version: '2.53.1', revision: 'a36b8b1', time: '2016-06-30 17:37:03'
System info: host: 'ITCTOR-195', ip: '192.168.31.73', os.name: 'Windows 7', os.arch: 'amd64', os.version: '6.1', java.version: '1.8.0_181'
Driver info: org.openqa.selenium.chrome.ChromeDriver
Capabilities [{mobileEmulationEnabled=false, hasTouchScreen=false, platform=XP, acceptSslCerts=false, goog:chromeOptions={debuggerAddress=localhost:3788}, acceptInsecureCerts=false, webStorageEnabled=true, browserName=chrome, takesScreenshot=true, javascriptEnabled=true, setWindowRect=true, unexpectedAlertBehaviour=, applicationCacheEnabled=false, rotatable=false, networkConnectionEnabled=false, chrome={chromedriverVersion=2.41.578737 (49da6702b16031c40d63e5618de03a32ff6c197e), userDataDir=C:\Users\chandra.rai\AppData\Local\Temp\scoped_dir8140_26934}, takesHeapSnapshot=true, pageLoadStrategy=normal, databaseEnabled=false, handlesAlerts=true, version=74.0.3729.169, browserConnectionEnabled=false, nativeEvents=true, locationContextEnabled=true, cssSelectorsEnabled=true}]
Session ID: 00be942c336b89ab11a0014a213546c6
*** Element info: {Using=xpath, value=//a[@title='Pay Fines']}]]>
            </message>
            <full-stacktrace>
              <![CDATA[org.openqa.selenium.NoSuchElementException: no such element: Unable to locate element: {"method":"xpath","selector":"//a[@title='Pay Fines']"}
  (Session info: chrome=74.0.3729.169)
  (Driver info: chromedriver=2.41.578737 (49da6702b16031c40d63e5618de03a32ff6c197e),platform=Windows NT 6.1.7601 SP1 x86_64) (WARNING: The server did not provide any stacktrace information)
Command duration or timeout: 16 milliseconds
For documentation on this error, please visit: http://seleniumhq.org/exceptions/no_such_element.html
Build info: version: '2.53.1', revision: 'a36b8b1', time: '2016-06-30 17:37:03'
System info: host: 'ITCTOR-195', ip: '192.168.31.73', os.name: 'Windows 7', os.arch: 'amd64', os.version: '6.1', java.version: '1.8.0_181'
Driver info: org.openqa.selenium.chrome.ChromeDriver
Capabilities [{mobileEmulationEnabled=false, hasTouchScreen=false, platform=XP, acceptSslCerts=false, goog:chromeOptions={debuggerAddress=localhost:3788}, acceptInsecureCerts=false, webStorageEnabled=true, browserName=chrome, takesScreenshot=true, javascriptEnabled=true, setWindowRect=true, unexpectedAlertBehaviour=, applicationCacheEnabled=false, rotatable=false, networkConnectionEnabled=false, chrome={chromedriverVersion=2.41.578737 (49da6702b16031c40d63e5618de03a32ff6c197e), userDataDir=C:\Users\chandra.rai\AppData\Local\Temp\scoped_dir8140_26934}, takesHeapSnapshot=true, pageLoadStrategy=normal, databaseEnabled=false, handlesAlerts=true, version=74.0.3729.169, browserConnectionEnabled=false, nativeEvents=true, locationContextEnabled=true, cssSelectorsEnabled=true}]
Session ID: 00be942c336b89ab11a0014a213546c6
*** Element info: {Using=xpath, value=//a[@title='Pay Fines']}
	at sun.reflect.NativeConstructorAccessorImpl.newInstance0(Native Method)
	at sun.reflect.NativeConstructorAccessorImpl.newInstance(Unknown Source)
	at sun.reflect.DelegatingConstructorAccessorImpl.newInstance(Unknown Source)
	at java.lang.reflect.Constructor.newInstance(Unknown Source)
	at org.openqa.selenium.remote.ErrorHandler.createThrowable(ErrorHandler.java:206)
	at org.openqa.selenium.remote.ErrorHandler.throwIfResponseFailed(ErrorHandler.java:158)
	at org.openqa.selenium.remote.RemoteWebDriver.execute(RemoteWebDriver.java:678)
	at org.openqa.selenium.remote.RemoteWebDriver.findElement(RemoteWebDriver.java:363)
	at org.openqa.selenium.remote.RemoteWebDriver.findElementByXPath(RemoteWebDriver.java:500)
	at org.openqa.selenium.By$ByXPath.findElement(By.java:361)
	at org.openqa.selenium.remote.RemoteWebDriver.findElement(RemoteWebDriver.java:355)
	at com.itcsystems.www.TestApplication.payFines(TestApplication.java:441)
	at sun.reflect.NativeMethodAccessorImpl.invoke0(Native Method)
	at sun.reflect.NativeMethodAccessorImpl.invoke(Unknown Source)
	at sun.reflect.DelegatingMethodAccessorImpl.invoke(Unknown Source)
	at java.lang.reflect.Method.invoke(Unknown Source)
	at org.testng.internal.MethodInvocationHelper.invokeMethod(MethodInvocationHelper.java:85)
	at org.testng.internal.Invoker.invokeMethod(Invoker.java:639)
	at org.testng.internal.Invoker.invokeTestMethod(Invoker.java:816)
	at org.testng.internal.Invoker.invokeTestMethods(Invoker.java:1124)
	at org.testng.internal.TestMethodWorker.invokeTestMethods(TestMethodWorker.java:125)
	at org.testng.internal.TestMethodWorker.run(TestMethodWorker.java:108)
	at org.testng.TestRunner.privateRun(TestRunner.java:774)
	at org.testng.TestRunner.run(TestRunner.java:624)
	at org.testng.SuiteRunner.runTest(SuiteRunner.java:359)
	at org.testng.SuiteRunner.runSequentially(SuiteRunner.java:354)
	at org.testng.SuiteRunner.privateRun(SuiteRunner.java:312)
	at org.testng.SuiteRunner.run(SuiteRunner.java:261)
	at org.testng.SuiteRunnerWorker.runSuite(SuiteRunnerWorker.java:52)
	at org.testng.SuiteRunnerWorker.run(SuiteRunnerWorker.java:86)
	at org.testng.TestNG.runSuitesSequentially(TestNG.java:1215)
	at org.testng.TestNG.runSuitesLocally(TestNG.java:1140)
	at org.testng.TestNG.run(TestNG.java:1048)
	at org.testng.remote.AbstractRemoteTestNG.run(AbstractRemoteTestNG.java:115)
	at org.testng.remote.RemoteTestNG.initAndRun(RemoteTestNG.java:251)
	at org.testng.remote.RemoteTestNG.main(RemoteTestNG.java:77)
]]>
            </full-stacktrace>
          </exception> <!-- org.openqa.selenium.NoSuchElementException -->
          <reporter-output>
          </reporter-output>
        </test-method> <!-- payFines -->
        <test-method status="PASS" signature="getScreenshots(org.testng.ITestResult)[pri:0, instance:com.itcsystems.www.TestApplication@1b604f19]" name="getScreenshots" is-config="true" duration-ms="407" started-at="2019-06-21T14:52:41Z" finished-at="2019-06-21T14:52:41Z">
          <params>
            <param index="0">
              <value>
                <![CDATA[[TestResult name=payFines status=FAILURE method=TestApplication.payFines()[pri:9, instance:com.itcsystems.www.TestApplication@1b604f19] output={null}]]]>
              </value>
            </param>
          </params>
          <reporter-output>
          </reporter-output>
        </test-method> <!-- getScreenshots -->
        <test-method status="FAIL" signature="purchaseMealplan(java.lang.String)[pri:10, instance:com.itcsystems.www.TestApplication@1b604f19]" name="purchaseMealplan" duration-ms="2025" started-at="2019-06-21T14:52:41Z" finished-at="2019-06-21T14:52:43Z">
          <params>
            <param index="0">
              <value>
                <![CDATA[C:\\Users\\chandra.rai\\Desktop\\web.config]]>
              </value>
            </param>
          </params>
          <exception class="org.openqa.selenium.NoSuchElementException">
            <message>
              <![CDATA[no such element: Unable to locate element: {"method":"xpath","selector":"//a[@title='Meal Plans']"}
  (Session info: chrome=74.0.3729.169)
  (Driver info: chromedriver=2.41.578737 (49da6702b16031c40d63e5618de03a32ff6c197e),platform=Windows NT 6.1.7601 SP1 x86_64) (WARNING: The server did not provide any stacktrace information)
Command duration or timeout: 24 milliseconds
For documentation on this error, please visit: http://seleniumhq.org/exceptions/no_such_element.html
Build info: version: '2.53.1', revision: 'a36b8b1', time: '2016-06-30 17:37:03'
System info: host: 'ITCTOR-195', ip: '192.168.31.73', os.name: 'Windows 7', os.arch: 'amd64', os.version: '6.1', java.version: '1.8.0_181'
Driver info: org.openqa.selenium.chrome.ChromeDriver
Capabilities [{mobileEmulationEnabled=false, hasTouchScreen=false, platform=XP, acceptSslCerts=false, goog:chromeOptions={debuggerAddress=localhost:3788}, acceptInsecureCerts=false, webStorageEnabled=true, browserName=chrome, takesScreenshot=true, javascriptEnabled=true, setWindowRect=true, unexpectedAlertBehaviour=, applicationCacheEnabled=false, rotatable=false, networkConnectionEnabled=false, chrome={chromedriverVersion=2.41.578737 (49da6702b16031c40d63e5618de03a32ff6c197e), userDataDir=C:\Users\chandra.rai\AppData\Local\Temp\scoped_dir8140_26934}, takesHeapSnapshot=true, pageLoadStrategy=normal, databaseEnabled=false, handlesAlerts=true, version=74.0.3729.169, browserConnectionEnabled=false, nativeEvents=true, locationContextEnabled=true, cssSelectorsEnabled=true}]
Session ID: 00be942c336b89ab11a0014a213546c6
*** Element info: {Using=xpath, value=//a[@title='Meal Plans']}]]>
            </message>
            <full-stacktrace>
              <![CDATA[org.openqa.selenium.NoSuchElementException: no such element: Unable to locate element: {"method":"xpath","selector":"//a[@title='Meal Plans']"}
  (Session info: chrome=74.0.3729.169)
  (Driver info: chromedriver=2.41.578737 (49da6702b16031c40d63e5618de03a32ff6c197e),platform=Windows NT 6.1.7601 SP1 x86_64) (WARNING: The server did not provide any stacktrace information)
Command duration or timeout: 24 milliseconds
For documentation on this error, please visit: http://seleniumhq.org/exceptions/no_such_element.html
Build info: version: '2.53.1', revision: 'a36b8b1', time: '2016-06-30 17:37:03'
System info: host: 'ITCTOR-195', ip: '192.168.31.73', os.name: 'Windows 7', os.arch: 'amd64', os.version: '6.1', java.version: '1.8.0_181'
Driver info: org.openqa.selenium.chrome.ChromeDriver
Capabilities [{mobileEmulationEnabled=false, hasTouchScreen=false, platform=XP, acceptSslCerts=false, goog:chromeOptions={debuggerAddress=localhost:3788}, acceptInsecureCerts=false, webStorageEnabled=true, browserName=chrome, takesScreenshot=true, javascriptEnabled=true, setWindowRect=true, unexpectedAlertBehaviour=, applicationCacheEnabled=false, rotatable=false, networkConnectionEnabled=false, chrome={chromedriverVersion=2.41.578737 (49da6702b16031c40d63e5618de03a32ff6c197e), userDataDir=C:\Users\chandra.rai\AppData\Local\Temp\scoped_dir8140_26934}, takesHeapSnapshot=true, pageLoadStrategy=normal, databaseEnabled=false, handlesAlerts=true, version=74.0.3729.169, browserConnectionEnabled=false, nativeEvents=true, locationContextEnabled=true, cssSelectorsEnabled=true}]
Session ID: 00be942c336b89ab11a0014a213546c6
*** Element info: {Using=xpath, value=//a[@title='Meal Plans']}
	at sun.reflect.NativeConstructorAccessorImpl.newInstance0(Native Method)
	at sun.reflect.NativeConstructorAccessorImpl.newInstance(Unknown Source)
	at sun.reflect.DelegatingConstructorAccessorImpl.newInstance(Unknown Source)
	at java.lang.reflect.Constructor.newInstance(Unknown Source)
	at org.openqa.selenium.remote.ErrorHandler.createThrowable(ErrorHandler.java:206)
	at org.openqa.selenium.remote.ErrorHandler.throwIfResponseFailed(ErrorHandler.java:158)
	at org.openqa.selenium.remote.RemoteWebDriver.execute(RemoteWebDriver.java:678)
	at org.openqa.selenium.remote.RemoteWebDriver.findElement(RemoteWebDriver.java:363)
	at org.openqa.selenium.remote.RemoteWebDriver.findElementByXPath(RemoteWebDriver.java:500)
	at org.openqa.selenium.By$ByXPath.findElement(By.java:361)
	at org.openqa.selenium.remote.RemoteWebDriver.findElement(RemoteWebDriver.java:355)
	at com.itcsystems.www.TestApplication.purchaseMealplan(TestApplication.java:270)
	at sun.reflect.NativeMethodAccessorImpl.invoke0(Native Method)
	at sun.reflect.NativeMethodAccessorImpl.invoke(Unknown Source)
	at sun.reflect.DelegatingMethodAccessorImpl.invoke(Unknown Source)
	at java.lang.reflect.Method.invoke(Unknown Source)
	at org.testng.internal.MethodInvocationHelper.invokeMethod(MethodInvocationHelper.java:85)
	at org.testng.internal.Invoker.invokeMethod(Invoker.java:639)
	at org.testng.internal.Invoker.invokeTestMethod(Invoker.java:816)
	at org.testng.internal.Invoker.invokeTestMethods(Invoker.java:1124)
	at org.testng.internal.TestMethodWorker.invokeTestMethods(TestMethodWorker.java:125)
	at org.testng.internal.TestMethodWorker.run(TestMethodWorker.java:108)
	at org.testng.TestRunner.privateRun(TestRunner.java:774)
	at org.testng.TestRunner.run(TestRunner.java:624)
	at org.testng.SuiteRunner.runTest(SuiteRunner.java:359)
	at org.testng.SuiteRunner.runSequentially(SuiteRunner.java:354)
	at org.testng.SuiteRunner.privateRun(SuiteRunner.java:312)
	at org.testng.SuiteRunner.run(SuiteRunner.java:261)
	at org.testng.SuiteRunnerWorker.runSuite(SuiteRunnerWorker.java:52)
	at org.testng.SuiteRunnerWorker.run(SuiteRunnerWorker.java:86)
	at org.testng.TestNG.runSuitesSequentially(TestNG.java:1215)
	at org.testng.TestNG.runSuitesLocally(TestNG.java:1140)
	at org.testng.TestNG.run(TestNG.java:1048)
	at org.testng.remote.AbstractRemoteTestNG.run(AbstractRemoteTestNG.java:115)
	at org.testng.remote.RemoteTestNG.initAndRun(RemoteTestNG.java:251)
	at org.testng.remote.RemoteTestNG.main(RemoteTestNG.java:77)
]]>
            </full-stacktrace>
          </exception> <!-- org.openqa.selenium.NoSuchElementException -->
          <reporter-output>
          </reporter-output>
        </test-method> <!-- purchaseMealplan -->
        <test-method status="PASS" signature="getScreenshots(org.testng.ITestResult)[pri:0, instance:com.itcsystems.www.TestApplication@1b604f19]" name="getScreenshots" is-config="true" duration-ms="391" started-at="2019-06-21T14:52:43Z" finished-at="2019-06-21T14:52:44Z">
          <params>
            <param index="0">
              <value>
                <![CDATA[[TestResult name=purchaseMealplan status=FAILURE method=TestApplication.purchaseMealplan(java.lang.String)[pri:10, instance:com.itcsystems.www.TestApplication@1b604f19] output={null}]]]>
              </value>
            </param>
          </params>
          <reporter-output>
          </reporter-output>
        </test-method> <!-- getScreenshots -->
        <test-method status="FAIL" signature="purchaseParkingPlan()[pri:11, instance:com.itcsystems.www.TestApplication@1b604f19]" name="purchaseParkingPlan" duration-ms="3030" started-at="2019-06-21T14:52:44Z" finished-at="2019-06-21T14:52:47Z">
          <exception class="org.openqa.selenium.NoSuchElementException">
            <message>
              <![CDATA[no such element: Unable to locate element: {"method":"xpath","selector":"//a[@title='Parking']"}
  (Session info: chrome=74.0.3729.169)
  (Driver info: chromedriver=2.41.578737 (49da6702b16031c40d63e5618de03a32ff6c197e),platform=Windows NT 6.1.7601 SP1 x86_64) (WARNING: The server did not provide any stacktrace information)
Command duration or timeout: 28 milliseconds
For documentation on this error, please visit: http://seleniumhq.org/exceptions/no_such_element.html
Build info: version: '2.53.1', revision: 'a36b8b1', time: '2016-06-30 17:37:03'
System info: host: 'ITCTOR-195', ip: '192.168.31.73', os.name: 'Windows 7', os.arch: 'amd64', os.version: '6.1', java.version: '1.8.0_181'
Driver info: org.openqa.selenium.chrome.ChromeDriver
Capabilities [{mobileEmulationEnabled=false, hasTouchScreen=false, platform=XP, acceptSslCerts=false, goog:chromeOptions={debuggerAddress=localhost:3788}, acceptInsecureCerts=false, webStorageEnabled=true, browserName=chrome, takesScreenshot=true, javascriptEnabled=true, setWindowRect=true, unexpectedAlertBehaviour=, applicationCacheEnabled=false, rotatable=false, networkConnectionEnabled=false, chrome={chromedriverVersion=2.41.578737 (49da6702b16031c40d63e5618de03a32ff6c197e), userDataDir=C:\Users\chandra.rai\AppData\Local\Temp\scoped_dir8140_26934}, takesHeapSnapshot=true, pageLoadStrategy=normal, databaseEnabled=false, handlesAlerts=true, version=74.0.3729.169, browserConnectionEnabled=false, nativeEvents=true, locationContextEnabled=true, cssSelectorsEnabled=true}]
Session ID: 00be942c336b89ab11a0014a213546c6
*** Element info: {Using=xpath, value=//a[@title='Parking']}]]>
            </message>
            <full-stacktrace>
              <![CDATA[org.openqa.selenium.NoSuchElementException: no such element: Unable to locate element: {"method":"xpath","selector":"//a[@title='Parking']"}
  (Session info: chrome=74.0.3729.169)
  (Driver info: chromedriver=2.41.578737 (49da6702b16031c40d63e5618de03a32ff6c197e),platform=Windows NT 6.1.7601 SP1 x86_64) (WARNING: The server did not provide any stacktrace information)
Command duration or timeout: 28 milliseconds
For documentation on this error, please visit: http://seleniumhq.org/exceptions/no_such_element.html
Build info: version: '2.53.1', revision: 'a36b8b1', time: '2016-06-30 17:37:03'
System info: host: 'ITCTOR-195', ip: '192.168.31.73', os.name: 'Windows 7', os.arch: 'amd64', os.version: '6.1', java.version: '1.8.0_181'
Driver info: org.openqa.selenium.chrome.ChromeDriver
Capabilities [{mobileEmulationEnabled=false, hasTouchScreen=false, platform=XP, acceptSslCerts=false, goog:chromeOptions={debuggerAddress=localhost:3788}, acceptInsecureCerts=false, webStorageEnabled=true, browserName=chrome, takesScreenshot=true, javascriptEnabled=true, setWindowRect=true, unexpectedAlertBehaviour=, applicationCacheEnabled=false, rotatable=false, networkConnectionEnabled=false, chrome={chromedriverVersion=2.41.578737 (49da6702b16031c40d63e5618de03a32ff6c197e), userDataDir=C:\Users\chandra.rai\AppData\Local\Temp\scoped_dir8140_26934}, takesHeapSnapshot=true, pageLoadStrategy=normal, databaseEnabled=false, handlesAlerts=true, version=74.0.3729.169, browserConnectionEnabled=false, nativeEvents=true, locationContextEnabled=true, cssSelectorsEnabled=true}]
Session ID: 00be942c336b89ab11a0014a213546c6
*** Element info: {Using=xpath, value=//a[@title='Parking']}
	at sun.reflect.NativeConstructorAccessorImpl.newInstance0(Native Method)
	at sun.reflect.NativeConstructorAccessorImpl.newInstance(Unknown Source)
	at sun.reflect.DelegatingConstructorAccessorImpl.newInstance(Unknown Source)
	at java.lang.reflect.Constructor.newInstance(Unknown Source)
	at org.openqa.selenium.remote.ErrorHandler.createThrowable(ErrorHandler.java:206)
	at org.openqa.selenium.remote.ErrorHandler.throwIfResponseFailed(ErrorHandler.java:158)
	at org.openqa.selenium.remote.RemoteWebDriver.execute(RemoteWebDriver.java:678)
	at org.openqa.selenium.remote.RemoteWebDriver.findElement(RemoteWebDriver.java:363)
	at org.openqa.selenium.remote.RemoteWebDriver.findElementByXPath(RemoteWebDriver.java:500)
	at org.openqa.selenium.By$ByXPath.findElement(By.java:361)
	at org.openqa.selenium.remote.RemoteWebDriver.findElement(RemoteWebDriver.java:355)
	at com.itcsystems.www.TestApplication.purchaseParkingPlan(TestApplication.java:360)
	at sun.reflect.NativeMethodAccessorImpl.invoke0(Native Method)
	at sun.reflect.NativeMethodAccessorImpl.invoke(Unknown Source)
	at sun.reflect.DelegatingMethodAccessorImpl.invoke(Unknown Source)
	at java.lang.reflect.Method.invoke(Unknown Source)
	at org.testng.internal.MethodInvocationHelper.invokeMethod(MethodInvocationHelper.java:85)
	at org.testng.internal.Invoker.invokeMethod(Invoker.java:639)
	at org.testng.internal.Invoker.invokeTestMethod(Invoker.java:816)
	at org.testng.internal.Invoker.invokeTestMethods(Invoker.java:1124)
	at org.testng.internal.TestMethodWorker.invokeTestMethods(TestMethodWorker.java:125)
	at org.testng.internal.TestMethodWorker.run(TestMethodWorker.java:108)
	at org.testng.TestRunner.privateRun(TestRunner.java:774)
	at org.testng.TestRunner.run(TestRunner.java:624)
	at org.testng.SuiteRunner.runTest(SuiteRunner.java:359)
	at org.testng.SuiteRunner.runSequentially(SuiteRunner.java:354)
	at org.testng.SuiteRunner.privateRun(SuiteRunner.java:312)
	at org.testng.SuiteRunner.run(SuiteRunner.java:261)
	at org.testng.SuiteRunnerWorker.runSuite(SuiteRunnerWorker.java:52)
	at org.testng.SuiteRunnerWorker.run(SuiteRunnerWorker.java:86)
	at org.testng.TestNG.runSuitesSequentially(TestNG.java:1215)
	at org.testng.TestNG.runSuitesLocally(TestNG.java:1140)
	at org.testng.TestNG.run(TestNG.java:1048)
	at org.testng.remote.AbstractRemoteTestNG.run(AbstractRemoteTestNG.java:115)
	at org.testng.remote.RemoteTestNG.initAndRun(RemoteTestNG.java:251)
	at org.testng.remote.RemoteTestNG.main(RemoteTestNG.java:77)
]]>
            </full-stacktrace>
          </exception> <!-- org.openqa.selenium.NoSuchElementException -->
          <reporter-output>
          </reporter-output>
        </test-method> <!-- purchaseParkingPlan -->
        <test-method status="PASS" signature="getScreenshots(org.testng.ITestResult)[pri:0, instance:com.itcsystems.www.TestApplication@1b604f19]" name="getScreenshots" is-config="true" duration-ms="373" started-at="2019-06-21T14:52:47Z" finished-at="2019-06-21T14:52:47Z">
          <params>
            <param index="0">
              <value>
                <![CDATA[[TestResult name=purchaseParkingPlan status=FAILURE method=TestApplication.purchaseParkingPlan()[pri:11, instance:com.itcsystems.www.TestApplication@1b604f19] output={null}]]]>
              </value>
            </param>
          </params>
          <reporter-output>
          </reporter-output>
        </test-method> <!-- getScreenshots -->
      </class> <!-- com.itcsystems.www.TestApplication -->
    </test> <!-- Test -->
  </suite> <!-- Suite -->
</testng-results>
